c:\temp\code\chapter8\calc\debug\vc120.pdb
c:\temp\code\chapter8\calc\debug\vc120.idb
c:\temp\code\chapter8\calc\debug\smallwindows.obj
c:\temp\code\chapter8\calc\debug\standarddialog.obj
c:\temp\code\chapter8\calc\debug\standarddocument.obj
c:\temp\code\chapter8\calc\debug\string.obj
c:\temp\code\chapter8\calc\debug\template.obj
c:\temp\code\chapter8\calc\debug\tree.obj
c:\temp\code\chapter8\calc\debug\window.obj
c:\temp\code\chapter8\calc\debug\winmain.obj
c:\temp\code\chapter8\calc\debug\calcdocument.obj
c:\temp\code\chapter8\calc\debug\calcevaluate.obj
c:\temp\code\chapter8\calc\debug\cell.obj
c:\temp\code\chapter8\calc\debug\calccommand.obj
c:\temp\code\chapter8\calc\debug\error.obj
c:\temp\code\chapter8\calc\debug\calckeyboard.obj
c:\temp\code\chapter8\calc\debug\mainwindow.obj
c:\temp\code\chapter8\calc\debug\parser.obj
c:\temp\code\chapter8\calc\debug\scanner.obj
c:\temp\code\chapter8\calc\debug\token.obj
c:\temp\code\chapter8\calc\debug\treenode.obj
c:\temp\code\chapter8\calc\debug\triple.obj
c:\temp\code\chapter8\calc\debug\textfield.obj
c:\temp\code\chapter8\calc\debug\converter.obj
c:\temp\code\chapter8\calc\debug\cursor.obj
c:\temp\code\chapter8\calc\debug\dialog.obj
c:\temp\code\chapter8\calc\debug\document.obj
c:\temp\code\chapter8\calc\debug\dynamiclist.obj
c:\temp\code\chapter8\calc\debug\font.obj
c:\temp\code\chapter8\calc\debug\graphics.obj
c:\temp\code\chapter8\calc\debug\infolist.obj
c:\temp\code\chapter8\calc\debug\matrix.obj
c:\temp\code\chapter8\calc\debug\menu.obj
c:\temp\code\chapter8\calc\debug\pagesetupdialog.obj
c:\temp\code\chapter8\calc\debug\pagesetupinfo.obj
c:\temp\code\chapter8\calc\debug\point.obj
c:\temp\code\chapter8\calc\debug\printpreviewdocument.obj
c:\temp\code\chapter8\calc\debug\rational.obj
c:\temp\code\chapter8\calc\debug\rect.obj
c:\temp\code\chapter8\calc\debug\reference.obj
c:\temp\code\chapter8\calc\debug\registry.obj
c:\temp\code\chapter8\calc\debug\size.obj
c:\temp\code\chapter8\calc\debug\accelerator.obj
c:\temp\code\chapter8\calc\debug\application.obj
c:\temp\code\chapter8\calc\debug\clipboard.obj
c:\temp\code\chapter8\calc\debug\color.obj
c:\temp\code\chapter8\calc\debug\command.obj
c:\temp\code\chapter8\calc\debug\complex.obj
c:\temp\code\chapter8\calc\debug\buttoncontrol.obj
c:\temp\code\chapter8\calc\debug\checkbox.obj
c:\temp\code\chapter8\calc\debug\combobox.obj
c:\temp\code\chapter8\calc\debug\control.obj
c:\temp\code\chapter8\calc\debug\groupbox.obj
c:\temp\code\chapter8\calc\debug\label.obj
c:\temp\code\chapter8\calc\debug\listbox.obj
c:\temp\code\chapter8\calc\debug\listcontrol.obj
c:\temp\code\chapter8\calc\debug\multiplelistbox.obj
c:\temp\code\chapter8\calc\debug\pushbutton.obj
c:\temp\code\chapter8\calc\debug\radiobutton.obj
c:\temp\code\chapter8\calc\debug\calcapplication.ilk
c:\temp\code\chapter8\calc\debug\calcapplication.exe
c:\temp\code\chapter8\calc\debug\calcapplication.pdb
c:\temp\code\chapter8\calc\debug\calcapplication.tlog\cl.command.1.tlog
c:\temp\code\chapter8\calc\debug\calcapplication.tlog\cl.read.1.tlog
c:\temp\code\chapter8\calc\debug\calcapplication.tlog\cl.write.1.tlog
c:\temp\code\chapter8\calc\debug\calcapplication.tlog\link.command.1.tlog
c:\temp\code\chapter8\calc\debug\calcapplication.tlog\link.read.1.tlog
c:\temp\code\chapter8\calc\debug\calcapplication.tlog\link.write.1.tlog
