c:\users\stefan\documents\c++ windows programming\calc\debug\vc120.pdb
c:\users\stefan\documents\c++ windows programming\calc\debug\vc120.idb
c:\users\stefan\documents\c++ windows programming\calc\debug\savedialog.obj
c:\users\stefan\documents\c++ windows programming\calc\debug\size.obj
c:\users\stefan\documents\c++ windows programming\calc\debug\smallwindows.obj
c:\users\stefan\documents\c++ windows programming\calc\debug\standarddocument.obj
c:\users\stefan\documents\c++ windows programming\calc\debug\string.obj
c:\users\stefan\documents\c++ windows programming\calc\debug\template.obj
c:\users\stefan\documents\c++ windows programming\calc\debug\tree.obj
c:\users\stefan\documents\c++ windows programming\calc\debug\winmain.obj
c:\users\stefan\documents\c++ windows programming\calc\debug\window.obj
c:\users\stefan\documents\c++ windows programming\calc\debug\calccommand.obj
c:\users\stefan\documents\c++ windows programming\calc\debug\calcdocument.obj
c:\users\stefan\documents\c++ windows programming\calc\debug\calckeyboard.obj
c:\users\stefan\documents\c++ windows programming\calc\debug\cell.obj
c:\users\stefan\documents\c++ windows programming\calc\debug\charinfo.obj
c:\users\stefan\documents\c++ windows programming\calc\debug\error.obj
c:\users\stefan\documents\c++ windows programming\calc\debug\parser.obj
c:\users\stefan\documents\c++ windows programming\calc\debug\scanner.obj
c:\users\stefan\documents\c++ windows programming\calc\debug\token.obj
c:\users\stefan\documents\c++ windows programming\calc\debug\treenode.obj
c:\users\stefan\documents\c++ windows programming\calc\debug\triple.obj
c:\users\stefan\documents\c++ windows programming\calc\debug\converter.obj
c:\users\stefan\documents\c++ windows programming\calc\debug\cursor.obj
c:\users\stefan\documents\c++ windows programming\calc\debug\dialog.obj
c:\users\stefan\documents\c++ windows programming\calc\debug\document.obj
c:\users\stefan\documents\c++ windows programming\calc\debug\font.obj
c:\users\stefan\documents\c++ windows programming\calc\debug\fontdialog.obj
c:\users\stefan\documents\c++ windows programming\calc\debug\graphics.obj
c:\users\stefan\documents\c++ windows programming\calc\debug\keys.obj
c:\users\stefan\documents\c++ windows programming\calc\debug\matrix.obj
c:\users\stefan\documents\c++ windows programming\calc\debug\menu.obj
c:\users\stefan\documents\c++ windows programming\calc\debug\messagebox.obj
c:\users\stefan\documents\c++ windows programming\calc\debug\opendialog.obj
c:\users\stefan\documents\c++ windows programming\calc\debug\point.obj
c:\users\stefan\documents\c++ windows programming\calc\debug\printdialog.obj
c:\users\stefan\documents\c++ windows programming\calc\debug\printpreviewdocument.obj
c:\users\stefan\documents\c++ windows programming\calc\debug\printsetupdialog.obj
c:\users\stefan\documents\c++ windows programming\calc\debug\printsetupinfo.obj
c:\users\stefan\documents\c++ windows programming\calc\debug\rect.obj
c:\users\stefan\documents\c++ windows programming\calc\debug\reference.obj
c:\users\stefan\documents\c++ windows programming\calc\debug\registry.obj
c:\users\stefan\documents\c++ windows programming\calc\debug\multiplelistbox.obj
c:\users\stefan\documents\c++ windows programming\calc\debug\radiobox.obj
c:\users\stefan\documents\c++ windows programming\calc\debug\textfield.obj
c:\users\stefan\documents\c++ windows programming\calc\debug\application.obj
c:\users\stefan\documents\c++ windows programming\calc\debug\caret.obj
c:\users\stefan\documents\c++ windows programming\calc\debug\clipboard.obj
c:\users\stefan\documents\c++ windows programming\calc\debug\color.obj
c:\users\stefan\documents\c++ windows programming\calc\debug\colordialog.obj
c:\users\stefan\documents\c++ windows programming\calc\debug\box.obj
c:\users\stefan\documents\c++ windows programming\calc\debug\button.obj
c:\users\stefan\documents\c++ windows programming\calc\debug\checkbox.obj
c:\users\stefan\documents\c++ windows programming\calc\debug\combobox.obj
c:\users\stefan\documents\c++ windows programming\calc\debug\component.obj
c:\users\stefan\documents\c++ windows programming\calc\debug\groupbox.obj
c:\users\stefan\documents\c++ windows programming\calc\debug\label.obj
c:\users\stefan\documents\c++ windows programming\calc\debug\listbox.obj
c:\users\stefan\documents\c++ windows programming\calc\debug\accelerator.obj
c:\users\stefan\documents\c++ windows programming\debug\spreadsheetprogram.ilk
c:\users\stefan\documents\c++ windows programming\debug\spreadsheetprogram.exe
c:\users\stefan\documents\c++ windows programming\debug\spreadsheetprogram.pdb
c:\users\stefan\documents\c++ windows programming\calc\debug\calc.res
c:\users\stefan\documents\c++ windows programming\calc\debug\spreadsh.e96a6170.tlog\cl.command.1.tlog
c:\users\stefan\documents\c++ windows programming\calc\debug\spreadsh.e96a6170.tlog\cl.read.1.tlog
c:\users\stefan\documents\c++ windows programming\calc\debug\spreadsh.e96a6170.tlog\cl.write.1.tlog
c:\users\stefan\documents\c++ windows programming\calc\debug\spreadsh.e96a6170.tlog\link.command.1.tlog
c:\users\stefan\documents\c++ windows programming\calc\debug\spreadsh.e96a6170.tlog\link.read.1.tlog
c:\users\stefan\documents\c++ windows programming\calc\debug\spreadsh.e96a6170.tlog\link.write.1.tlog
c:\users\stefan\documents\c++ windows programming\calc\debug\spreadsh.e96a6170.tlog\rc.command.1.tlog
c:\users\stefan\documents\c++ windows programming\calc\debug\spreadsh.e96a6170.tlog\rc.read.1.tlog
c:\users\stefan\documents\c++ windows programming\calc\debug\spreadsh.e96a6170.tlog\rc.write.1.tlog
