Build started 2012-03-31 23:15:23.
     1>Project "C:\Documents and Settings\sbr02\My Documents\Dropbox\C Windows Programming\Calc\Calc.vcxproj" on node 2 (build target(s)).
     1>InitializeBuildStatus:
         Creating "Release\Calc.unsuccessfulbuild" because "AlwaysCreate" was specified.
       ClCompile:
         C:\Program Files\Microsoft Visual Studio 10.0\VC\bin\CL.exe /c /Zi /nologo /W3 /WX- /O2 /Oi /Oy- /GL /D WIN32 /D NDEBUG /D _WINDOWS /D _UNICODE /D UNICODE /Gm- /EHsc /MD /GS /Gy /fp:precise /Zc:wchar_t /Zc:forScope /Fo"Release\\" /Fd"Release\vc100.pdb" /Gd /TC /analyze- /errorReport:prompt ..\BTree.c ..\Matrix.c ..\Unit.c ..\UnitScroll.c Calc.c Cell.c Command.c Error.c Keyboard.c ..\List.c Parser.c Reference.c Scanner.c ..\Set.c TSetMatrix.c
         BTree.c
         Matrix.c
         Unit.c
         UnitScroll.c
         Calc.c
         Cell.c
         Command.c
         Error.c
         Keyboard.c
         List.c
         Parser.c
         Reference.c
         Scanner.c
         Set.c
         TSetMatrix.c
       ResourceCompile:
         C:\Program Files\Microsoft SDKs\Windows\v7.0A\bin\rc.exe /D _UNICODE /D UNICODE /l"0x0409" /nologo /fo"Release\Calc.res" Calc.rc 
       Link:
         C:\Program Files\Microsoft Visual Studio 10.0\VC\bin\link.exe /ERRORREPORT:PROMPT /OUT:"C:\Documents and Settings\sbr02\My Documents\Dropbox\C Windows Programming\Release\Calc.exe" /INCREMENTAL:NO /NOLOGO kernel32.lib user32.lib gdi32.lib winspool.lib comdlg32.lib advapi32.lib shell32.lib ole32.lib oleaut32.lib uuid.lib odbc32.lib odbccp32.lib /MANIFEST /ManifestFile:"Release\Calc.exe.intermediate.manifest" /MANIFESTUAC:"level='asInvoker' uiAccess='false'" /DEBUG /PDB:"C:\Documents and Settings\sbr02\My Documents\Dropbox\C Windows Programming\Release\Calc.pdb" /SUBSYSTEM:WINDOWS /OPT:REF /OPT:ICF /LTCG /TLBID:1 /DYNAMICBASE /NXCOMPAT /IMPLIB:"C:\Documents and Settings\sbr02\My Documents\Dropbox\C Windows Programming\Release\Calc.lib" /MACHINE:X86 Release\Calc.res
         Release\BTree.obj
         Release\Matrix.obj
         Release\Unit.obj
         Release\UnitScroll.obj
         Release\Calc.obj
         Release\Cell.obj
         Release\Command.obj
         Release\Error.obj
         Release\Keyboard.obj
         Release\List.obj
         Release\Parser.obj
         Release\Reference.obj
         Release\Scanner.obj
         Release\Set.obj
         Release\TSetMatrix.obj
         Generating code
         Finished generating code
         Calc.vcxproj -> C:\Documents and Settings\sbr02\My Documents\Dropbox\C Windows Programming\Release\Calc.exe
       Manifest:
         C:\Program Files\Microsoft SDKs\Windows\v7.0A\bin\mt.exe /nologo /verbose /outputresource:"C:\Documents and Settings\sbr02\My Documents\Dropbox\C Windows Programming\Release\Calc.exe;#1" /manifest Release\Calc.exe.intermediate.manifest
       FinalizeBuildStatus:
         Deleting file "Release\Calc.unsuccessfulbuild".
         Touching "Release\Calc.lastbuildstate".
     1>Done Building Project "C:\Documents and Settings\sbr02\My Documents\Dropbox\C Windows Programming\Calc\Calc.vcxproj" (build target(s)).

Build succeeded.

Time Elapsed 00:01:14.70
