Build started 2011-11-26 17:55:18.
     1>Project "C:\Users\stefanb\Dropbox\C Windows Programming\Word\Word.vcxproj" on node 3 (rebuild target(s)).
     1>InitializeBuildStatus:
         Creating "Debug\Word.unsuccessfulbuild" because "AlwaysCreate" was specified.
       ClCompile:
         c:\Program Files (x86)\Microsoft Visual Studio 10.0\VC\bin\CL.exe /c /ZI /nologo /W3 /WX- /Od /Oy- /D WIN32 /D _DEBUG /D _WINDOWS /D _UNICODE /D UNICODE /Gm /EHsc /RTC1 /MDd /GS /fp:precise /Zc:wchar_t /Zc:forScope /Fo"Debug\\" /Fd"Debug\vc100.pdb" /Gd /TC /analyze- /errorReport:prompt Calculate.c Caret.c Command.c Keyboard.c ..\List.c Paragraph.c Position.c ..\Set.c ..\UnitScroll.c Word.c
         Word.c
         UnitScroll.c
         Set.c
         Position.c
         Paragraph.c
         List.c
         Keyboard.c
         Command.c
         Caret.c
         Calculate.c
         Generating Code...
       ResourceCompile:
         C:\Program Files (x86)\Microsoft SDKs\Windows\v7.0A\bin\rc.exe /D _UNICODE /D UNICODE /l"0x0409" /nologo /fo"Debug\Word.res" Word.rc 
       ManifestResourceCompile:
         C:\Program Files (x86)\Microsoft SDKs\Windows\v7.0A\bin\rc.exe /nologo /fo"Debug\Word.exe.embed.manifest.res" Debug\Word_manifest.rc 
       Link:
         c:\Program Files (x86)\Microsoft Visual Studio 10.0\VC\bin\link.exe /ERRORREPORT:PROMPT /OUT:"C:\Users\stefanb\Dropbox\C Windows Programming\Debug\Word.exe" /INCREMENTAL /NOLOGO kernel32.lib user32.lib gdi32.lib winspool.lib comdlg32.lib advapi32.lib shell32.lib ole32.lib oleaut32.lib uuid.lib odbc32.lib odbccp32.lib /MANIFEST /ManifestFile:"Debug\Word.exe.intermediate.manifest" /MANIFESTUAC:"level='asInvoker' uiAccess='false'" /DEBUG /PDB:"C:\Users\stefanb\Dropbox\C Windows Programming\Debug\Word.pdb" /SUBSYSTEM:WINDOWS /TLBID:1 /DYNAMICBASE /NXCOMPAT /IMPLIB:"C:\Users\stefanb\Dropbox\C Windows Programming\Debug\Word.lib" /MACHINE:X86 Debug\Word.res
         Debug\Word.exe.embed.manifest.res
         Debug\Calculate.obj
         Debug\Caret.obj
         Debug\Command.obj
         Debug\Keyboard.obj
         Debug\List.obj
         Debug\Paragraph.obj
         Debug\Position.obj
         Debug\Set.obj
         Debug\UnitScroll.obj
         Debug\Word.obj
       Manifest:
         Deleting file "Debug\Word.exe.embed.manifest".
         C:\Program Files (x86)\Microsoft SDKs\Windows\v7.0A\bin\mt.exe /nologo /verbose /out:"Debug\Word.exe.embed.manifest" /manifest Debug\Word.exe.intermediate.manifest
         C:\Program Files (x86)\Microsoft SDKs\Windows\v7.0A\bin\rc.exe /nologo /fo"Debug\Word.exe.embed.manifest.res" Debug\Word_manifest.rc 
       LinkEmbedManifest:
         c:\Program Files (x86)\Microsoft Visual Studio 10.0\VC\bin\link.exe /ERRORREPORT:PROMPT /OUT:"C:\Users\stefanb\Dropbox\C Windows Programming\Debug\Word.exe" /INCREMENTAL /NOLOGO kernel32.lib user32.lib gdi32.lib winspool.lib comdlg32.lib advapi32.lib shell32.lib ole32.lib oleaut32.lib uuid.lib odbc32.lib odbccp32.lib /MANIFEST /ManifestFile:"Debug\Word.exe.intermediate.manifest" /MANIFESTUAC:"level='asInvoker' uiAccess='false'" /DEBUG /PDB:"C:\Users\stefanb\Dropbox\C Windows Programming\Debug\Word.pdb" /SUBSYSTEM:WINDOWS /TLBID:1 /DYNAMICBASE /NXCOMPAT /IMPLIB:"C:\Users\stefanb\Dropbox\C Windows Programming\Debug\Word.lib" /MACHINE:X86 Debug\Word.res
         Debug\Word.exe.embed.manifest.res
         Debug\Calculate.obj
         Debug\Caret.obj
         Debug\Command.obj
         Debug\Keyboard.obj
         Debug\List.obj
         Debug\Paragraph.obj
         Debug\Position.obj
         Debug\Set.obj
         Debug\UnitScroll.obj
         Debug\Word.obj
         Word.vcxproj -> C:\Users\stefanb\Dropbox\C Windows Programming\Debug\Word.exe
       FinalizeBuildStatus:
         Deleting file "Debug\Word.unsuccessfulbuild".
         Touching "Debug\Word.lastbuildstate".
     1>Done Building Project "C:\Users\stefanb\Dropbox\C Windows Programming\Word\Word.vcxproj" (rebuild target(s)).

Build succeeded.

Time Elapsed 00:00:05.45
