c:\temp\code\chapter3\tetris\debug\vc120.pdb
c:\temp\code\chapter3\tetris\debug\vc120.idb
c:\temp\code\chapter3\tetris\debug\registry.obj
c:\temp\code\chapter3\tetris\debug\size.obj
c:\temp\code\chapter3\tetris\debug\smallwindows.obj
c:\temp\code\chapter3\tetris\debug\standarddialog.obj
c:\temp\code\chapter3\tetris\debug\standarddocument.obj
c:\temp\code\chapter3\tetris\debug\string.obj
c:\temp\code\chapter3\tetris\debug\template.obj
c:\temp\code\chapter3\tetris\debug\window.obj
c:\temp\code\chapter3\tetris\debug\winmain.obj
c:\temp\code\chapter3\tetris\debug\bluefigure.obj
c:\temp\code\chapter3\tetris\debug\brownfigure.obj
c:\temp\code\chapter3\tetris\debug\gamegrid.obj
c:\temp\code\chapter3\tetris\debug\tetrisfigure.obj
c:\temp\code\chapter3\tetris\debug\greenfigure.obj
c:\temp\code\chapter3\tetris\debug\mainwindow.obj
c:\temp\code\chapter3\tetris\debug\purplefigure.obj
c:\temp\code\chapter3\tetris\debug\redfigure.obj
c:\temp\code\chapter3\tetris\debug\tetriswindow.obj
c:\temp\code\chapter3\tetris\debug\turquoisefigure.obj
c:\temp\code\chapter3\tetris\debug\yellowfigure.obj
c:\temp\code\chapter3\tetris\debug\listcontrol.obj
c:\temp\code\chapter3\tetris\debug\multiplelistbox.obj
c:\temp\code\chapter3\tetris\debug\pushbutton.obj
c:\temp\code\chapter3\tetris\debug\radiobutton.obj
c:\temp\code\chapter3\tetris\debug\textfield.obj
c:\temp\code\chapter3\tetris\debug\converter.obj
c:\temp\code\chapter3\tetris\debug\cursor.obj
c:\temp\code\chapter3\tetris\debug\dialog.obj
c:\temp\code\chapter3\tetris\debug\document.obj
c:\temp\code\chapter3\tetris\debug\dynamiclist.obj
c:\temp\code\chapter3\tetris\debug\font.obj
c:\temp\code\chapter3\tetris\debug\graphics.obj
c:\temp\code\chapter3\tetris\debug\infolist.obj
c:\temp\code\chapter3\tetris\debug\menu.obj
c:\temp\code\chapter3\tetris\debug\pagesetupdialog.obj
c:\temp\code\chapter3\tetris\debug\pagesetupinfo.obj
c:\temp\code\chapter3\tetris\debug\point.obj
c:\temp\code\chapter3\tetris\debug\printpreviewdocument.obj
c:\temp\code\chapter3\tetris\debug\rational.obj
c:\temp\code\chapter3\tetris\debug\rect.obj
c:\temp\code\chapter3\tetris\debug\accelerator.obj
c:\temp\code\chapter3\tetris\debug\application.obj
c:\temp\code\chapter3\tetris\debug\clipboard.obj
c:\temp\code\chapter3\tetris\debug\color.obj
c:\temp\code\chapter3\tetris\debug\command.obj
c:\temp\code\chapter3\tetris\debug\complex.obj
c:\temp\code\chapter3\tetris\debug\buttoncontrol.obj
c:\temp\code\chapter3\tetris\debug\checkbox.obj
c:\temp\code\chapter3\tetris\debug\combobox.obj
c:\temp\code\chapter3\tetris\debug\control.obj
c:\temp\code\chapter3\tetris\debug\groupbox.obj
c:\temp\code\chapter3\tetris\debug\label.obj
c:\temp\code\chapter3\tetris\debug\listbox.obj
c:\temp\code\chapter3\tetris\debug\tetrisapplication.ilk
c:\temp\code\chapter3\tetris\debug\tetrisapplication.exe
c:\temp\code\chapter3\tetris\debug\tetrisapplication.pdb
c:\temp\code\chapter3\tetris\debug\tetrisap.3435a7e0.tlog\cl.command.1.tlog
c:\temp\code\chapter3\tetris\debug\tetrisap.3435a7e0.tlog\cl.read.1.tlog
c:\temp\code\chapter3\tetris\debug\tetrisap.3435a7e0.tlog\cl.write.1.tlog
c:\temp\code\chapter3\tetris\debug\tetrisap.3435a7e0.tlog\link.command.1.tlog
c:\temp\code\chapter3\tetris\debug\tetrisap.3435a7e0.tlog\link.read.1.tlog
c:\temp\code\chapter3\tetris\debug\tetrisap.3435a7e0.tlog\link.write.1.tlog
