c:\users\stefan\documents\c++ windows programming\tetris\debug\vc120.pdb
c:\users\stefan\documents\c++ windows programming\tetris\debug\vc120.idb
c:\users\stefan\documents\c++ windows programming\tetris\debug\menu.obj
c:\users\stefan\documents\c++ windows programming\tetris\debug\opendialog.obj
c:\users\stefan\documents\c++ windows programming\tetris\debug\point.obj
c:\users\stefan\documents\c++ windows programming\tetris\debug\printdialog.obj
c:\users\stefan\documents\c++ windows programming\tetris\debug\printpreviewdocument.obj
c:\users\stefan\documents\c++ windows programming\tetris\debug\printsetupdialog.obj
c:\users\stefan\documents\c++ windows programming\tetris\debug\printsetupinfo.obj
c:\users\stefan\documents\c++ windows programming\tetris\debug\rect.obj
c:\users\stefan\documents\c++ windows programming\tetris\debug\registry.obj
c:\users\stefan\documents\c++ windows programming\tetris\debug\savedialog.obj
c:\users\stefan\documents\c++ windows programming\tetris\debug\size.obj
c:\users\stefan\documents\c++ windows programming\tetris\debug\smallwindows.obj
c:\users\stefan\documents\c++ windows programming\tetris\debug\standarddocument.obj
c:\users\stefan\documents\c++ windows programming\tetris\debug\template.obj
c:\users\stefan\documents\c++ windows programming\tetris\debug\timer.obj
c:\users\stefan\documents\c++ windows programming\tetris\debug\window.obj
c:\users\stefan\documents\c++ windows programming\tetris\debug\colorgrid.obj
c:\users\stefan\documents\c++ windows programming\tetris\debug\figure.obj
c:\users\stefan\documents\c++ windows programming\tetris\debug\figuredata.obj
c:\users\stefan\documents\c++ windows programming\tetris\debug\tetriswindow.obj
c:\users\stefan\documents\c++ windows programming\tetris\debug\colordialog.obj
c:\users\stefan\documents\c++ windows programming\tetris\debug\box.obj
c:\users\stefan\documents\c++ windows programming\tetris\debug\button.obj
c:\users\stefan\documents\c++ windows programming\tetris\debug\checkbox.obj
c:\users\stefan\documents\c++ windows programming\tetris\debug\combobox.obj
c:\users\stefan\documents\c++ windows programming\tetris\debug\component.obj
c:\users\stefan\documents\c++ windows programming\tetris\debug\groupbox.obj
c:\users\stefan\documents\c++ windows programming\tetris\debug\label.obj
c:\users\stefan\documents\c++ windows programming\tetris\debug\listbox.obj
c:\users\stefan\documents\c++ windows programming\tetris\debug\multiplelistbox.obj
c:\users\stefan\documents\c++ windows programming\tetris\debug\radiobox.obj
c:\users\stefan\documents\c++ windows programming\tetris\debug\textfield.obj
c:\users\stefan\documents\c++ windows programming\tetris\debug\converter.obj
c:\users\stefan\documents\c++ windows programming\tetris\debug\cursor.obj
c:\users\stefan\documents\c++ windows programming\tetris\debug\dialog.obj
c:\users\stefan\documents\c++ windows programming\tetris\debug\document.obj
c:\users\stefan\documents\c++ windows programming\tetris\debug\font.obj
c:\users\stefan\documents\c++ windows programming\tetris\debug\fontdialog.obj
c:\users\stefan\documents\c++ windows programming\tetris\debug\graphics.obj
c:\users\stefan\documents\c++ windows programming\tetris\debug\keys.obj
c:\users\stefan\documents\c++ windows programming\tetris\debug\accelerator.obj
c:\users\stefan\documents\c++ windows programming\tetris\debug\application.obj
c:\users\stefan\documents\c++ windows programming\tetris\debug\caret.obj
c:\users\stefan\documents\c++ windows programming\tetris\debug\clipboard.obj
c:\users\stefan\documents\c++ windows programming\tetris\debug\color.obj
c:\users\stefan\documents\c++ windows programming\debug\tetris.ilk
c:\users\stefan\documents\c++ windows programming\debug\tetris.exe
c:\users\stefan\documents\c++ windows programming\debug\tetris.pdb
c:\users\stefan\documents\c++ windows programming\tetris\debug\tetris.tlog\cl.command.1.tlog
c:\users\stefan\documents\c++ windows programming\tetris\debug\tetris.tlog\cl.read.1.tlog
c:\users\stefan\documents\c++ windows programming\tetris\debug\tetris.tlog\cl.write.1.tlog
c:\users\stefan\documents\c++ windows programming\tetris\debug\tetris.tlog\link.command.1.tlog
c:\users\stefan\documents\c++ windows programming\tetris\debug\tetris.tlog\link.read.1.tlog
c:\users\stefan\documents\c++ windows programming\tetris\debug\tetris.tlog\link.write.1.tlog
