c:\users\stefan\documents\a c++ windows programming - a\a stefan_bjornander_cpp_windows_programming\b05475_finaldraft\emptyproject\emptyproject\debug\vc120.pdb
c:\users\stefan\documents\a c++ windows programming - a\a stefan_bjornander_cpp_windows_programming\b05475_finaldraft\emptyproject\emptyproject\debug\vc120.idb
c:\users\stefan\documents\a c++ windows programming - a\a stefan_bjornander_cpp_windows_programming\b05475_finaldraft\emptyproject\emptyproject\debug\menu.obj
c:\users\stefan\documents\a c++ windows programming - a\a stefan_bjornander_cpp_windows_programming\b05475_finaldraft\emptyproject\emptyproject\debug\pagesetupdialog.obj
c:\users\stefan\documents\a c++ windows programming - a\a stefan_bjornander_cpp_windows_programming\b05475_finaldraft\emptyproject\emptyproject\debug\pagesetupinfo.obj
c:\users\stefan\documents\a c++ windows programming - a\a stefan_bjornander_cpp_windows_programming\b05475_finaldraft\emptyproject\emptyproject\debug\point.obj
c:\users\stefan\documents\a c++ windows programming - a\a stefan_bjornander_cpp_windows_programming\b05475_finaldraft\emptyproject\emptyproject\debug\printpreviewdocument.obj
c:\users\stefan\documents\a c++ windows programming - a\a stefan_bjornander_cpp_windows_programming\b05475_finaldraft\emptyproject\emptyproject\debug\rational.obj
c:\users\stefan\documents\a c++ windows programming - a\a stefan_bjornander_cpp_windows_programming\b05475_finaldraft\emptyproject\emptyproject\debug\rect.obj
c:\users\stefan\documents\a c++ windows programming - a\a stefan_bjornander_cpp_windows_programming\b05475_finaldraft\emptyproject\emptyproject\debug\reference.obj
c:\users\stefan\documents\a c++ windows programming - a\a stefan_bjornander_cpp_windows_programming\b05475_finaldraft\emptyproject\emptyproject\debug\registry.obj
c:\users\stefan\documents\a c++ windows programming - a\a stefan_bjornander_cpp_windows_programming\b05475_finaldraft\emptyproject\emptyproject\debug\size.obj
c:\users\stefan\documents\a c++ windows programming - a\a stefan_bjornander_cpp_windows_programming\b05475_finaldraft\emptyproject\emptyproject\debug\smallwindows.obj
c:\users\stefan\documents\a c++ windows programming - a\a stefan_bjornander_cpp_windows_programming\b05475_finaldraft\emptyproject\emptyproject\debug\standarddialog.obj
c:\users\stefan\documents\a c++ windows programming - a\a stefan_bjornander_cpp_windows_programming\b05475_finaldraft\emptyproject\emptyproject\debug\standarddocument.obj
c:\users\stefan\documents\a c++ windows programming - a\a stefan_bjornander_cpp_windows_programming\b05475_finaldraft\emptyproject\emptyproject\debug\string.obj
c:\users\stefan\documents\a c++ windows programming - a\a stefan_bjornander_cpp_windows_programming\b05475_finaldraft\emptyproject\emptyproject\debug\template.obj
c:\users\stefan\documents\a c++ windows programming - a\a stefan_bjornander_cpp_windows_programming\b05475_finaldraft\emptyproject\emptyproject\debug\tree.obj
c:\users\stefan\documents\a c++ windows programming - a\a stefan_bjornander_cpp_windows_programming\b05475_finaldraft\emptyproject\emptyproject\debug\window.obj
c:\users\stefan\documents\a c++ windows programming - a\a stefan_bjornander_cpp_windows_programming\b05475_finaldraft\emptyproject\emptyproject\debug\winmain.obj
c:\users\stefan\documents\a c++ windows programming - a\a stefan_bjornander_cpp_windows_programming\b05475_finaldraft\emptyproject\emptyproject\debug\emptywindow.obj
c:\users\stefan\documents\a c++ windows programming - a\a stefan_bjornander_cpp_windows_programming\b05475_finaldraft\emptyproject\emptyproject\debug\mainwindow.obj
c:\users\stefan\documents\a c++ windows programming - a\a stefan_bjornander_cpp_windows_programming\b05475_finaldraft\emptyproject\emptyproject\debug\combobox.obj
c:\users\stefan\documents\a c++ windows programming - a\a stefan_bjornander_cpp_windows_programming\b05475_finaldraft\emptyproject\emptyproject\debug\control.obj
c:\users\stefan\documents\a c++ windows programming - a\a stefan_bjornander_cpp_windows_programming\b05475_finaldraft\emptyproject\emptyproject\debug\groupbox.obj
c:\users\stefan\documents\a c++ windows programming - a\a stefan_bjornander_cpp_windows_programming\b05475_finaldraft\emptyproject\emptyproject\debug\label.obj
c:\users\stefan\documents\a c++ windows programming - a\a stefan_bjornander_cpp_windows_programming\b05475_finaldraft\emptyproject\emptyproject\debug\listbox.obj
c:\users\stefan\documents\a c++ windows programming - a\a stefan_bjornander_cpp_windows_programming\b05475_finaldraft\emptyproject\emptyproject\debug\listcontrol.obj
c:\users\stefan\documents\a c++ windows programming - a\a stefan_bjornander_cpp_windows_programming\b05475_finaldraft\emptyproject\emptyproject\debug\multiplelistbox.obj
c:\users\stefan\documents\a c++ windows programming - a\a stefan_bjornander_cpp_windows_programming\b05475_finaldraft\emptyproject\emptyproject\debug\pushbutton.obj
c:\users\stefan\documents\a c++ windows programming - a\a stefan_bjornander_cpp_windows_programming\b05475_finaldraft\emptyproject\emptyproject\debug\radiobutton.obj
c:\users\stefan\documents\a c++ windows programming - a\a stefan_bjornander_cpp_windows_programming\b05475_finaldraft\emptyproject\emptyproject\debug\textfield.obj
c:\users\stefan\documents\a c++ windows programming - a\a stefan_bjornander_cpp_windows_programming\b05475_finaldraft\emptyproject\emptyproject\debug\converter.obj
c:\users\stefan\documents\a c++ windows programming - a\a stefan_bjornander_cpp_windows_programming\b05475_finaldraft\emptyproject\emptyproject\debug\cursor.obj
c:\users\stefan\documents\a c++ windows programming - a\a stefan_bjornander_cpp_windows_programming\b05475_finaldraft\emptyproject\emptyproject\debug\dialog.obj
c:\users\stefan\documents\a c++ windows programming - a\a stefan_bjornander_cpp_windows_programming\b05475_finaldraft\emptyproject\emptyproject\debug\document.obj
c:\users\stefan\documents\a c++ windows programming - a\a stefan_bjornander_cpp_windows_programming\b05475_finaldraft\emptyproject\emptyproject\debug\dynamiclist.obj
c:\users\stefan\documents\a c++ windows programming - a\a stefan_bjornander_cpp_windows_programming\b05475_finaldraft\emptyproject\emptyproject\debug\font.obj
c:\users\stefan\documents\a c++ windows programming - a\a stefan_bjornander_cpp_windows_programming\b05475_finaldraft\emptyproject\emptyproject\debug\fontdialog.obj
c:\users\stefan\documents\a c++ windows programming - a\a stefan_bjornander_cpp_windows_programming\b05475_finaldraft\emptyproject\emptyproject\debug\graphics.obj
c:\users\stefan\documents\a c++ windows programming - a\a stefan_bjornander_cpp_windows_programming\b05475_finaldraft\emptyproject\emptyproject\debug\infolist.obj
c:\users\stefan\documents\a c++ windows programming - a\a stefan_bjornander_cpp_windows_programming\b05475_finaldraft\emptyproject\emptyproject\debug\matrix.obj
c:\users\stefan\documents\a c++ windows programming - a\a stefan_bjornander_cpp_windows_programming\b05475_finaldraft\emptyproject\emptyproject\debug\accelerator.obj
c:\users\stefan\documents\a c++ windows programming - a\a stefan_bjornander_cpp_windows_programming\b05475_finaldraft\emptyproject\emptyproject\debug\application.obj
c:\users\stefan\documents\a c++ windows programming - a\a stefan_bjornander_cpp_windows_programming\b05475_finaldraft\emptyproject\emptyproject\debug\clipboard.obj
c:\users\stefan\documents\a c++ windows programming - a\a stefan_bjornander_cpp_windows_programming\b05475_finaldraft\emptyproject\emptyproject\debug\color.obj
c:\users\stefan\documents\a c++ windows programming - a\a stefan_bjornander_cpp_windows_programming\b05475_finaldraft\emptyproject\emptyproject\debug\command.obj
c:\users\stefan\documents\a c++ windows programming - a\a stefan_bjornander_cpp_windows_programming\b05475_finaldraft\emptyproject\emptyproject\debug\complex.obj
c:\users\stefan\documents\a c++ windows programming - a\a stefan_bjornander_cpp_windows_programming\b05475_finaldraft\emptyproject\emptyproject\debug\buttoncontrol.obj
c:\users\stefan\documents\a c++ windows programming - a\a stefan_bjornander_cpp_windows_programming\b05475_finaldraft\emptyproject\emptyproject\debug\checkbox.obj
c:\users\stefan\documents\a c++ windows programming - a\a stefan_bjornander_cpp_windows_programming\b05475_finaldraft\emptyproject\debug\emptyproject.ilk
c:\users\stefan\documents\a c++ windows programming - a\a stefan_bjornander_cpp_windows_programming\b05475_finaldraft\emptyproject\debug\emptyproject.exe
c:\users\stefan\documents\a c++ windows programming - a\a stefan_bjornander_cpp_windows_programming\b05475_finaldraft\emptyproject\debug\emptyproject.pdb
c:\users\stefan\documents\a c++ windows programming - a\a stefan_bjornander_cpp_windows_programming\b05475_finaldraft\emptyproject\emptyproject\debug\emptyproject.tlog\cl.command.1.tlog
c:\users\stefan\documents\a c++ windows programming - a\a stefan_bjornander_cpp_windows_programming\b05475_finaldraft\emptyproject\emptyproject\debug\emptyproject.tlog\cl.read.1.tlog
c:\users\stefan\documents\a c++ windows programming - a\a stefan_bjornander_cpp_windows_programming\b05475_finaldraft\emptyproject\emptyproject\debug\emptyproject.tlog\cl.write.1.tlog
c:\users\stefan\documents\a c++ windows programming - a\a stefan_bjornander_cpp_windows_programming\b05475_finaldraft\emptyproject\emptyproject\debug\emptyproject.tlog\link.command.1.tlog
c:\users\stefan\documents\a c++ windows programming - a\a stefan_bjornander_cpp_windows_programming\b05475_finaldraft\emptyproject\emptyproject\debug\emptyproject.tlog\link.read.1.tlog
c:\users\stefan\documents\a c++ windows programming - a\a stefan_bjornander_cpp_windows_programming\b05475_finaldraft\emptyproject\emptyproject\debug\emptyproject.tlog\link.write.1.tlog
