c:\users\stefan\documents\c++ windows programming\word\debug\vc120.pdb
c:\users\stefan\documents\c++ windows programming\word\debug\vc120.idb
c:\users\stefan\documents\c++ windows programming\word\debug\rect.obj
c:\users\stefan\documents\c++ windows programming\word\debug\registry.obj
c:\users\stefan\documents\c++ windows programming\word\debug\savedialog.obj
c:\users\stefan\documents\c++ windows programming\word\debug\size.obj
c:\users\stefan\documents\c++ windows programming\word\debug\smallwindows.obj
c:\users\stefan\documents\c++ windows programming\word\debug\standarddocument.obj
c:\users\stefan\documents\c++ windows programming\word\debug\string.obj
c:\users\stefan\documents\c++ windows programming\word\debug\template.obj
c:\users\stefan\documents\c++ windows programming\word\debug\tree.obj
c:\users\stefan\documents\c++ windows programming\word\debug\winmain.obj
c:\users\stefan\documents\c++ windows programming\word\debug\window.obj
c:\users\stefan\documents\c++ windows programming\word\debug\calculate.obj
c:\users\stefan\documents\c++ windows programming\word\debug\charinfo.obj
c:\users\stefan\documents\c++ windows programming\word\debug\lineinfo.obj
c:\users\stefan\documents\c++ windows programming\word\debug\pageinfo.obj
c:\users\stefan\documents\c++ windows programming\word\debug\paragraph.obj
c:\users\stefan\documents\c++ windows programming\word\debug\position.obj
c:\users\stefan\documents\c++ windows programming\word\debug\wordcommand.obj
c:\users\stefan\documents\c++ windows programming\word\debug\worddocument.obj
c:\users\stefan\documents\c++ windows programming\word\debug\wordkeyboard.obj
c:\users\stefan\documents\c++ windows programming\word\debug\listbox.obj
c:\users\stefan\documents\c++ windows programming\word\debug\multiplelistbox.obj
c:\users\stefan\documents\c++ windows programming\word\debug\radiobox.obj
c:\users\stefan\documents\c++ windows programming\word\debug\textfield.obj
c:\users\stefan\documents\c++ windows programming\word\debug\converter.obj
c:\users\stefan\documents\c++ windows programming\word\debug\cursor.obj
c:\users\stefan\documents\c++ windows programming\word\debug\dialog.obj
c:\users\stefan\documents\c++ windows programming\word\debug\document.obj
c:\users\stefan\documents\c++ windows programming\word\debug\font.obj
c:\users\stefan\documents\c++ windows programming\word\debug\fontdialog.obj
c:\users\stefan\documents\c++ windows programming\word\debug\graphics.obj
c:\users\stefan\documents\c++ windows programming\word\debug\keys.obj
c:\users\stefan\documents\c++ windows programming\word\debug\menu.obj
c:\users\stefan\documents\c++ windows programming\word\debug\messagebox.obj
c:\users\stefan\documents\c++ windows programming\word\debug\opendialog.obj
c:\users\stefan\documents\c++ windows programming\word\debug\point.obj
c:\users\stefan\documents\c++ windows programming\word\debug\printdialog.obj
c:\users\stefan\documents\c++ windows programming\word\debug\printpreviewdocument.obj
c:\users\stefan\documents\c++ windows programming\word\debug\printsetupdialog.obj
c:\users\stefan\documents\c++ windows programming\word\debug\printsetupinfo.obj
c:\users\stefan\documents\c++ windows programming\word\debug\accelerator.obj
c:\users\stefan\documents\c++ windows programming\word\debug\application.obj
c:\users\stefan\documents\c++ windows programming\word\debug\binarytree.obj
c:\users\stefan\documents\c++ windows programming\word\debug\caret.obj
c:\users\stefan\documents\c++ windows programming\word\debug\clipboard.obj
c:\users\stefan\documents\c++ windows programming\word\debug\color.obj
c:\users\stefan\documents\c++ windows programming\word\debug\colordialog.obj
c:\users\stefan\documents\c++ windows programming\word\debug\box.obj
c:\users\stefan\documents\c++ windows programming\word\debug\button.obj
c:\users\stefan\documents\c++ windows programming\word\debug\checkbox.obj
c:\users\stefan\documents\c++ windows programming\word\debug\combobox.obj
c:\users\stefan\documents\c++ windows programming\word\debug\component.obj
c:\users\stefan\documents\c++ windows programming\word\debug\groupbox.obj
c:\users\stefan\documents\c++ windows programming\word\debug\label.obj
c:\users\stefan\documents\c++ windows programming\debug\wordprocessor.ilk
c:\users\stefan\documents\c++ windows programming\debug\wordprocessor.exe
c:\users\stefan\documents\c++ windows programming\debug\wordprocessor.pdb
c:\users\stefan\documents\c++ windows programming\word\debug\printprogressdialog.res
c:\users\stefan\documents\c++ windows programming\word\debug\printsetupdialog.res
c:\users\stefan\documents\c++ windows programming\word\debug\menuaccelarator.res
c:\users\stefan\documents\c++ windows programming\word\debug\wordprocessor.tlog\cl.command.1.tlog
c:\users\stefan\documents\c++ windows programming\word\debug\wordprocessor.tlog\cl.read.1.tlog
c:\users\stefan\documents\c++ windows programming\word\debug\wordprocessor.tlog\cl.write.1.tlog
c:\users\stefan\documents\c++ windows programming\word\debug\wordprocessor.tlog\link.command.1.tlog
c:\users\stefan\documents\c++ windows programming\word\debug\wordprocessor.tlog\link.read.1.tlog
c:\users\stefan\documents\c++ windows programming\word\debug\wordprocessor.tlog\link.write.1.tlog
c:\users\stefan\documents\c++ windows programming\word\debug\wordprocessor.tlog\rc.command.1.tlog
c:\users\stefan\documents\c++ windows programming\word\debug\wordprocessor.tlog\rc.read.1.tlog
c:\users\stefan\documents\c++ windows programming\word\debug\wordprocessor.tlog\rc.write.1.tlog
