Build started 2012-03-31 23:16:38.
     1>Project "C:\Documents and Settings\sbr02\My Documents\Dropbox\C Windows Programming\Draw\Draw.vcxproj" on node 3 (build target(s)).
     1>InitializeBuildStatus:
         Creating "Release\Draw.unsuccessfulbuild" because "AlwaysCreate" was specified.
       ClCompile:
         C:\Program Files\Microsoft Visual Studio 10.0\VC\bin\CL.exe /c /Zi /nologo /W3 /WX- /O2 /Oi /Oy- /GL /D WIN32 /D NDEBUG /D _WINDOWS /D _UNICODE /D UNICODE /Gm- /EHsc /MD /GS /Gy /fp:precise /Zc:wchar_t /Zc:forScope /Fo"Release\\" /Fd"Release\vc100.pdb" /Gd /TC /analyze- /errorReport:prompt ..\Unit.c Arrow.c Command.c Draw.c Ellipse.c Figure.c File.c Keyboard.c Line.c ..\List.c Rectangle.c Text.c ..\UnitScroll.c
         Unit.c
         Arrow.c
         Command.c
         Draw.c
         Ellipse.c
         Figure.c
         File.c
         Keyboard.c
         Line.c
         List.c
         Rectangle.c
         Text.c
         UnitScroll.c
       ResourceCompile:
         C:\Program Files\Microsoft SDKs\Windows\v7.0A\bin\rc.exe /D _UNICODE /D UNICODE /l"0x0409" /nologo /fo"Release\Draw.res" Draw.rc 
       Link:
         C:\Program Files\Microsoft Visual Studio 10.0\VC\bin\link.exe /ERRORREPORT:PROMPT /OUT:"C:\Documents and Settings\sbr02\My Documents\Dropbox\C Windows Programming\Release\Draw.exe" /INCREMENTAL:NO /NOLOGO kernel32.lib user32.lib gdi32.lib winspool.lib comdlg32.lib advapi32.lib shell32.lib ole32.lib oleaut32.lib uuid.lib odbc32.lib odbccp32.lib /MANIFEST /ManifestFile:"Release\Draw.exe.intermediate.manifest" /MANIFESTUAC:"level='asInvoker' uiAccess='false'" /DEBUG /PDB:"C:\Documents and Settings\sbr02\My Documents\Dropbox\C Windows Programming\Release\Draw.pdb" /SUBSYSTEM:WINDOWS /OPT:REF /OPT:ICF /LTCG /TLBID:1 /DYNAMICBASE /NXCOMPAT /IMPLIB:"C:\Documents and Settings\sbr02\My Documents\Dropbox\C Windows Programming\Release\Draw.lib" /MACHINE:X86 Release\Draw.res
         Release\Unit.obj
         Release\Arrow.obj
         Release\Command.obj
         Release\Draw.obj
         Release\Ellipse.obj
         Release\Figure.obj
         Release\File.obj
         Release\Keyboard.obj
         Release\Line.obj
         Release\List.obj
         Release\Rectangle.obj
         Release\Text.obj
         Release\UnitScroll.obj
         Generating code
         Finished generating code
         Draw.vcxproj -> C:\Documents and Settings\sbr02\My Documents\Dropbox\C Windows Programming\Release\Draw.exe
       Manifest:
         C:\Program Files\Microsoft SDKs\Windows\v7.0A\bin\mt.exe /nologo /verbose /outputresource:"C:\Documents and Settings\sbr02\My Documents\Dropbox\C Windows Programming\Release\Draw.exe;#1" /manifest Release\Draw.exe.intermediate.manifest
       FinalizeBuildStatus:
         Deleting file "Release\Draw.unsuccessfulbuild".
         Touching "Release\Draw.lastbuildstate".
     1>Done Building Project "C:\Documents and Settings\sbr02\My Documents\Dropbox\C Windows Programming\Draw\Draw.vcxproj" (build target(s)).

Build succeeded.

Time Elapsed 00:00:39.73
