Build started 2012-03-31 23:16:38.
     1>Project "C:\Documents and Settings\sbr02\My Documents\Dropbox\C Windows Programming\Tetris\Tetris.vcxproj" on node 2 (build target(s)).
     1>InitializeBuildStatus:
         Creating "Release\Tetris.unsuccessfulbuild" because "AlwaysCreate" was specified.
       ClCompile:
         C:\Program Files\Microsoft Visual Studio 10.0\VC\bin\CL.exe /c /Zi /nologo /W3 /WX- /O2 /Oi /Oy- /GL /D WIN32 /D NDEBUG /D _WINDOWS /D _UNICODE /D UNICODE /Gm- /EHsc /MD /GS /Gy /fp:precise /Zc:wchar_t /Zc:forScope /Fo"Release\\" /Fd"Release\vc100.pdb" /Gd /TC /analyze- /errorReport:prompt ColorGrid.c Figure.c Tetris.c
         ColorGrid.c
         Figure.c
         Tetris.c
       Link:
         C:\Program Files\Microsoft Visual Studio 10.0\VC\bin\link.exe /ERRORREPORT:PROMPT /OUT:"C:\Documents and Settings\sbr02\My Documents\Dropbox\C Windows Programming\Release\Tetris.exe" /INCREMENTAL:NO /NOLOGO kernel32.lib user32.lib gdi32.lib winspool.lib comdlg32.lib advapi32.lib shell32.lib ole32.lib oleaut32.lib uuid.lib odbc32.lib odbccp32.lib /MANIFEST /ManifestFile:"Release\Tetris.exe.intermediate.manifest" /MANIFESTUAC:"level='asInvoker' uiAccess='false'" /DEBUG /PDB:"C:\Documents and Settings\sbr02\My Documents\Dropbox\C Windows Programming\Release\Tetris.pdb" /SUBSYSTEM:WINDOWS /OPT:REF /OPT:ICF /LTCG /TLBID:1 /DYNAMICBASE /NXCOMPAT /IMPLIB:"C:\Documents and Settings\sbr02\My Documents\Dropbox\C Windows Programming\Release\Tetris.lib" /MACHINE:X86 Release\ColorGrid.obj
         Release\Figure.obj
         Release\Tetris.obj
         Generating code
         Finished generating code
         Tetris.vcxproj -> C:\Documents and Settings\sbr02\My Documents\Dropbox\C Windows Programming\Release\Tetris.exe
       Manifest:
         C:\Program Files\Microsoft SDKs\Windows\v7.0A\bin\mt.exe /nologo /verbose /outputresource:"C:\Documents and Settings\sbr02\My Documents\Dropbox\C Windows Programming\Release\Tetris.exe;#1" /manifest Release\Tetris.exe.intermediate.manifest
       FinalizeBuildStatus:
         Deleting file "Release\Tetris.unsuccessfulbuild".
         Touching "Release\Tetris.lastbuildstate".
     1>Done Building Project "C:\Documents and Settings\sbr02\My Documents\Dropbox\C Windows Programming\Tetris\Tetris.vcxproj" (build target(s)).

Build succeeded.

Time Elapsed 00:00:21.14
