c:\users\stefan\documents\c++ windows programming\hello\debug\vc120.pdb
c:\users\stefan\documents\c++ windows programming\hello\debug\vc120.idb
c:\users\stefan\documents\c++ windows programming\hello\debug\messagebox.obj
c:\users\stefan\documents\c++ windows programming\hello\debug\opendialog.obj
c:\users\stefan\documents\c++ windows programming\hello\debug\point.obj
c:\users\stefan\documents\c++ windows programming\hello\debug\printdialog.obj
c:\users\stefan\documents\c++ windows programming\hello\debug\printpreviewdocument.obj
c:\users\stefan\documents\c++ windows programming\hello\debug\printsetupdialog.obj
c:\users\stefan\documents\c++ windows programming\hello\debug\printsetupinfo.obj
c:\users\stefan\documents\c++ windows programming\hello\debug\rect.obj
c:\users\stefan\documents\c++ windows programming\hello\debug\reference.obj
c:\users\stefan\documents\c++ windows programming\hello\debug\registry.obj
c:\users\stefan\documents\c++ windows programming\hello\debug\savedialog.obj
c:\users\stefan\documents\c++ windows programming\hello\debug\size.obj
c:\users\stefan\documents\c++ windows programming\hello\debug\smallwindows.obj
c:\users\stefan\documents\c++ windows programming\hello\debug\standarddocument.obj
c:\users\stefan\documents\c++ windows programming\hello\debug\string.obj
c:\users\stefan\documents\c++ windows programming\hello\debug\template.obj
c:\users\stefan\documents\c++ windows programming\hello\debug\tree.obj
c:\users\stefan\documents\c++ windows programming\hello\debug\window.obj
c:\users\stefan\documents\c++ windows programming\hello\debug\winmain.obj
c:\users\stefan\documents\c++ windows programming\hello\debug\hellowindow.obj
c:\users\stefan\documents\c++ windows programming\hello\debug\button.obj
c:\users\stefan\documents\c++ windows programming\hello\debug\checkbox.obj
c:\users\stefan\documents\c++ windows programming\hello\debug\combobox.obj
c:\users\stefan\documents\c++ windows programming\hello\debug\component.obj
c:\users\stefan\documents\c++ windows programming\hello\debug\groupbox.obj
c:\users\stefan\documents\c++ windows programming\hello\debug\label.obj
c:\users\stefan\documents\c++ windows programming\hello\debug\listbox.obj
c:\users\stefan\documents\c++ windows programming\hello\debug\multiplelistbox.obj
c:\users\stefan\documents\c++ windows programming\hello\debug\radiobox.obj
c:\users\stefan\documents\c++ windows programming\hello\debug\textfield.obj
c:\users\stefan\documents\c++ windows programming\hello\debug\converter.obj
c:\users\stefan\documents\c++ windows programming\hello\debug\cursor.obj
c:\users\stefan\documents\c++ windows programming\hello\debug\dialog.obj
c:\users\stefan\documents\c++ windows programming\hello\debug\document.obj
c:\users\stefan\documents\c++ windows programming\hello\debug\font.obj
c:\users\stefan\documents\c++ windows programming\hello\debug\fontdialog.obj
c:\users\stefan\documents\c++ windows programming\hello\debug\graphics.obj
c:\users\stefan\documents\c++ windows programming\hello\debug\keys.obj
c:\users\stefan\documents\c++ windows programming\hello\debug\matrix.obj
c:\users\stefan\documents\c++ windows programming\hello\debug\menu.obj
c:\users\stefan\documents\c++ windows programming\hello\debug\triple.obj
c:\users\stefan\documents\c++ windows programming\hello\debug\accelerator.obj
c:\users\stefan\documents\c++ windows programming\hello\debug\application.obj
c:\users\stefan\documents\c++ windows programming\hello\debug\caret.obj
c:\users\stefan\documents\c++ windows programming\hello\debug\clipboard.obj
c:\users\stefan\documents\c++ windows programming\hello\debug\color.obj
c:\users\stefan\documents\c++ windows programming\hello\debug\colordialog.obj
c:\users\stefan\documents\c++ windows programming\hello\debug\box.obj
c:\users\stefan\documents\c++ windows programming\debug\hellosmallwindows.ilk
c:\users\stefan\documents\c++ windows programming\debug\hellosmallwindows.exe
c:\users\stefan\documents\c++ windows programming\debug\hellosmallwindows.pdb
c:\users\stefan\documents\c++ windows programming\hello\debug\hellosma.cc475627.tlog\cl.command.1.tlog
c:\users\stefan\documents\c++ windows programming\hello\debug\hellosma.cc475627.tlog\cl.read.1.tlog
c:\users\stefan\documents\c++ windows programming\hello\debug\hellosma.cc475627.tlog\cl.write.1.tlog
c:\users\stefan\documents\c++ windows programming\hello\debug\hellosma.cc475627.tlog\link.command.1.tlog
c:\users\stefan\documents\c++ windows programming\hello\debug\hellosma.cc475627.tlog\link.read.1.tlog
c:\users\stefan\documents\c++ windows programming\hello\debug\hellosma.cc475627.tlog\link.write.1.tlog
