c:\temp\code\chapter2\hello\debug\vc120.pdb
c:\temp\code\chapter2\hello\debug\vc120.idb
c:\temp\code\chapter2\hello\debug\menu.obj
c:\temp\code\chapter2\hello\debug\pagesetupdialog.obj
c:\temp\code\chapter2\hello\debug\pagesetupinfo.obj
c:\temp\code\chapter2\hello\debug\point.obj
c:\temp\code\chapter2\hello\debug\printpreviewdocument.obj
c:\temp\code\chapter2\hello\debug\rational.obj
c:\temp\code\chapter2\hello\debug\rect.obj
c:\temp\code\chapter2\hello\debug\reference.obj
c:\temp\code\chapter2\hello\debug\registry.obj
c:\temp\code\chapter2\hello\debug\size.obj
c:\temp\code\chapter2\hello\debug\smallwindows.obj
c:\temp\code\chapter2\hello\debug\standarddialog.obj
c:\temp\code\chapter2\hello\debug\standarddocument.obj
c:\temp\code\chapter2\hello\debug\string.obj
c:\temp\code\chapter2\hello\debug\template.obj
c:\temp\code\chapter2\hello\debug\tree.obj
c:\temp\code\chapter2\hello\debug\window.obj
c:\temp\code\chapter2\hello\debug\winmain.obj
c:\temp\code\chapter2\hello\debug\hellowindow.obj
c:\temp\code\chapter2\hello\debug\mainwindow.obj
c:\temp\code\chapter2\hello\debug\checkbox.obj
c:\temp\code\chapter2\hello\debug\combobox.obj
c:\temp\code\chapter2\hello\debug\control.obj
c:\temp\code\chapter2\hello\debug\groupbox.obj
c:\temp\code\chapter2\hello\debug\label.obj
c:\temp\code\chapter2\hello\debug\listbox.obj
c:\temp\code\chapter2\hello\debug\listcontrol.obj
c:\temp\code\chapter2\hello\debug\multiplelistbox.obj
c:\temp\code\chapter2\hello\debug\pushbutton.obj
c:\temp\code\chapter2\hello\debug\radiobutton.obj
c:\temp\code\chapter2\hello\debug\textfield.obj
c:\temp\code\chapter2\hello\debug\converter.obj
c:\temp\code\chapter2\hello\debug\cursor.obj
c:\temp\code\chapter2\hello\debug\dialog.obj
c:\temp\code\chapter2\hello\debug\document.obj
c:\temp\code\chapter2\hello\debug\dynamiclist.obj
c:\temp\code\chapter2\hello\debug\font.obj
c:\temp\code\chapter2\hello\debug\graphics.obj
c:\temp\code\chapter2\hello\debug\infolist.obj
c:\temp\code\chapter2\hello\debug\matrix.obj
c:\temp\code\chapter2\hello\debug\accelerator.obj
c:\temp\code\chapter2\hello\debug\application.obj
c:\temp\code\chapter2\hello\debug\clipboard.obj
c:\temp\code\chapter2\hello\debug\color.obj
c:\temp\code\chapter2\hello\debug\command.obj
c:\temp\code\chapter2\hello\debug\complex.obj
c:\temp\code\chapter2\hello\debug\buttoncontrol.obj
c:\temp\code\chapter2\hello\debug\helloapplication.ilk
c:\temp\code\chapter2\hello\debug\helloapplication.exe
c:\temp\code\chapter2\hello\debug\helloapplication.pdb
c:\temp\code\chapter2\hello\debug\helloapplication.tlog\cl.command.1.tlog
c:\temp\code\chapter2\hello\debug\helloapplication.tlog\cl.read.1.tlog
c:\temp\code\chapter2\hello\debug\helloapplication.tlog\cl.write.1.tlog
c:\temp\code\chapter2\hello\debug\helloapplication.tlog\link.command.1.tlog
c:\temp\code\chapter2\hello\debug\helloapplication.tlog\link.read.1.tlog
c:\temp\code\chapter2\hello\debug\helloapplication.tlog\link.write.1.tlog
