Build started 2011-11-26 17:55:21.
     1>Project "C:\Users\stefanb\Dropbox\C Windows Programming\Tetris\Tetris.vcxproj" on node 4 (rebuild target(s)).
     1>InitializeBuildStatus:
         Creating "Debug\Tetris.unsuccessfulbuild" because "AlwaysCreate" was specified.
       ClCompile:
         c:\Program Files (x86)\Microsoft Visual Studio 10.0\VC\bin\CL.exe /c /ZI /nologo /W3 /WX- /Od /Oy- /D WIN32 /D _DEBUG /D _WINDOWS /D _UNICODE /D UNICODE /Gm /EHsc /RTC1 /MDd /GS /fp:precise /Zc:wchar_t /Zc:forScope /Fo"Debug\\" /Fd"Debug\vc100.pdb" /Gd /TC /analyze- /errorReport:prompt ColorGrid.c Figure.c ..\List.c Tetris.c
         Tetris.c
         List.c
         Figure.c
         ColorGrid.c
         Generating Code...
       ManifestResourceCompile:
         C:\Program Files (x86)\Microsoft SDKs\Windows\v7.0A\bin\rc.exe /nologo /fo"Debug\Tetris.exe.embed.manifest.res" Debug\Tetris_manifest.rc 
       Link:
         c:\Program Files (x86)\Microsoft Visual Studio 10.0\VC\bin\link.exe /ERRORREPORT:PROMPT /OUT:"C:\Users\stefanb\Dropbox\C Windows Programming\Debug\Tetris.exe" /INCREMENTAL /NOLOGO kernel32.lib user32.lib gdi32.lib winspool.lib comdlg32.lib advapi32.lib shell32.lib ole32.lib oleaut32.lib uuid.lib odbc32.lib odbccp32.lib /MANIFEST /ManifestFile:"Debug\Tetris.exe.intermediate.manifest" /MANIFESTUAC:"level='asInvoker' uiAccess='false'" /DEBUG /PDB:"C:\Users\stefanb\Dropbox\C Windows Programming\Debug\Tetris.pdb" /SUBSYSTEM:WINDOWS /TLBID:1 /DYNAMICBASE /NXCOMPAT /IMPLIB:"C:\Users\stefanb\Dropbox\C Windows Programming\Debug\Tetris.lib" /MACHINE:X86 Debug\Tetris.exe.embed.manifest.res
         Debug\ColorGrid.obj
         Debug\Figure.obj
         Debug\List.obj
         Debug\Tetris.obj
       Manifest:
         Deleting file "Debug\Tetris.exe.embed.manifest".
         C:\Program Files (x86)\Microsoft SDKs\Windows\v7.0A\bin\mt.exe /nologo /verbose /out:"Debug\Tetris.exe.embed.manifest" /manifest Debug\Tetris.exe.intermediate.manifest
         C:\Program Files (x86)\Microsoft SDKs\Windows\v7.0A\bin\rc.exe /nologo /fo"Debug\Tetris.exe.embed.manifest.res" Debug\Tetris_manifest.rc 
       LinkEmbedManifest:
         c:\Program Files (x86)\Microsoft Visual Studio 10.0\VC\bin\link.exe /ERRORREPORT:PROMPT /OUT:"C:\Users\stefanb\Dropbox\C Windows Programming\Debug\Tetris.exe" /INCREMENTAL /NOLOGO kernel32.lib user32.lib gdi32.lib winspool.lib comdlg32.lib advapi32.lib shell32.lib ole32.lib oleaut32.lib uuid.lib odbc32.lib odbccp32.lib /MANIFEST /ManifestFile:"Debug\Tetris.exe.intermediate.manifest" /MANIFESTUAC:"level='asInvoker' uiAccess='false'" /DEBUG /PDB:"C:\Users\stefanb\Dropbox\C Windows Programming\Debug\Tetris.pdb" /SUBSYSTEM:WINDOWS /TLBID:1 /DYNAMICBASE /NXCOMPAT /IMPLIB:"C:\Users\stefanb\Dropbox\C Windows Programming\Debug\Tetris.lib" /MACHINE:X86 Debug\Tetris.exe.embed.manifest.res
         Debug\ColorGrid.obj
         Debug\Figure.obj
         Debug\List.obj
         Debug\Tetris.obj
         Tetris.vcxproj -> C:\Users\stefanb\Dropbox\C Windows Programming\Debug\Tetris.exe
       FinalizeBuildStatus:
         Deleting file "Debug\Tetris.unsuccessfulbuild".
         Touching "Debug\Tetris.lastbuildstate".
     1>Done Building Project "C:\Users\stefanb\Dropbox\C Windows Programming\Tetris\Tetris.vcxproj" (rebuild target(s)).

Build succeeded.

Time Elapsed 00:00:05.18
