Build started 2011-11-26 17:55:18.
     1>Project "C:\Users\stefanb\Dropbox\C Windows Programming\Draw\Draw.vcxproj" on node 5 (rebuild target(s)).
     1>InitializeBuildStatus:
         Creating "Debug\Draw.unsuccessfulbuild" because "AlwaysCreate" was specified.
       ClCompile:
         c:\Program Files (x86)\Microsoft Visual Studio 10.0\VC\bin\CL.exe /c /ZI /nologo /W3 /WX- /Od /Oy- /D WIN32 /D _DEBUG /D _WINDOWS /D _UNICODE /D UNICODE /Gm /EHsc /RTC1 /MDd /GS /fp:precise /Zc:wchar_t /Zc:forScope /Fo"Debug\\" /Fd"Debug\vc100.pdb" /Gd /TC /analyze- /errorReport:prompt Arrow.c Command.c Draw.c Ellipse.c Figure.c File.c Keyboard.c Line.c ..\List.c Rectangle.c Text.c ..\UnitScroll.c
         UnitScroll.c
         Text.c
         Rectangle.c
         List.c
         Line.c
         Keyboard.c
         File.c
         Figure.c
         Ellipse.c
         Draw.c
         Command.c
         Arrow.c
         Generating Code...
       ResourceCompile:
         C:\Program Files (x86)\Microsoft SDKs\Windows\v7.0A\bin\rc.exe /D _UNICODE /D UNICODE /l"0x0409" /nologo /fo"Debug\Draw.res" Draw.rc 
       ManifestResourceCompile:
         C:\Program Files (x86)\Microsoft SDKs\Windows\v7.0A\bin\rc.exe /nologo /fo"Debug\Draw.exe.embed.manifest.res" Debug\Draw_manifest.rc 
       Link:
         c:\Program Files (x86)\Microsoft Visual Studio 10.0\VC\bin\link.exe /ERRORREPORT:PROMPT /OUT:"C:\Users\stefanb\Dropbox\C Windows Programming\Debug\Draw.exe" /INCREMENTAL /NOLOGO kernel32.lib user32.lib gdi32.lib winspool.lib comdlg32.lib advapi32.lib shell32.lib ole32.lib oleaut32.lib uuid.lib odbc32.lib odbccp32.lib /MANIFEST /ManifestFile:"Debug\Draw.exe.intermediate.manifest" /MANIFESTUAC:"level='asInvoker' uiAccess='false'" /DEBUG /PDB:"C:\Users\stefanb\Dropbox\C Windows Programming\Debug\Draw.pdb" /SUBSYSTEM:WINDOWS /TLBID:1 /DYNAMICBASE /NXCOMPAT /IMPLIB:"C:\Users\stefanb\Dropbox\C Windows Programming\Debug\Draw.lib" /MACHINE:X86 Debug\Draw.res
         Debug\Draw.exe.embed.manifest.res
         Debug\Arrow.obj
         Debug\Command.obj
         Debug\Draw.obj
         Debug\Ellipse.obj
         Debug\Figure.obj
         Debug\File.obj
         Debug\Keyboard.obj
         Debug\Line.obj
         Debug\List.obj
         Debug\Rectangle.obj
         Debug\Text.obj
         Debug\UnitScroll.obj
       Manifest:
         Deleting file "Debug\Draw.exe.embed.manifest".
         C:\Program Files (x86)\Microsoft SDKs\Windows\v7.0A\bin\mt.exe /nologo /verbose /out:"Debug\Draw.exe.embed.manifest" /manifest Debug\Draw.exe.intermediate.manifest
         C:\Program Files (x86)\Microsoft SDKs\Windows\v7.0A\bin\rc.exe /nologo /fo"Debug\Draw.exe.embed.manifest.res" Debug\Draw_manifest.rc 
       LinkEmbedManifest:
         c:\Program Files (x86)\Microsoft Visual Studio 10.0\VC\bin\link.exe /ERRORREPORT:PROMPT /OUT:"C:\Users\stefanb\Dropbox\C Windows Programming\Debug\Draw.exe" /INCREMENTAL /NOLOGO kernel32.lib user32.lib gdi32.lib winspool.lib comdlg32.lib advapi32.lib shell32.lib ole32.lib oleaut32.lib uuid.lib odbc32.lib odbccp32.lib /MANIFEST /ManifestFile:"Debug\Draw.exe.intermediate.manifest" /MANIFESTUAC:"level='asInvoker' uiAccess='false'" /DEBUG /PDB:"C:\Users\stefanb\Dropbox\C Windows Programming\Debug\Draw.pdb" /SUBSYSTEM:WINDOWS /TLBID:1 /DYNAMICBASE /NXCOMPAT /IMPLIB:"C:\Users\stefanb\Dropbox\C Windows Programming\Debug\Draw.lib" /MACHINE:X86 Debug\Draw.res
         Debug\Draw.exe.embed.manifest.res
         Debug\Arrow.obj
         Debug\Command.obj
         Debug\Draw.obj
         Debug\Ellipse.obj
         Debug\Figure.obj
         Debug\File.obj
         Debug\Keyboard.obj
         Debug\Line.obj
         Debug\List.obj
         Debug\Rectangle.obj
         Debug\Text.obj
         Debug\UnitScroll.obj
         Draw.vcxproj -> C:\Users\stefanb\Dropbox\C Windows Programming\Debug\Draw.exe
       FinalizeBuildStatus:
         Deleting file "Debug\Draw.unsuccessfulbuild".
         Touching "Debug\Draw.lastbuildstate".
     1>Done Building Project "C:\Users\stefanb\Dropbox\C Windows Programming\Draw\Draw.vcxproj" (rebuild target(s)).

Build succeeded.

Time Elapsed 00:00:05.74
