c:\users\stefan\documents\c++ windows programming\draw\debug\vc120.pdb
c:\users\stefan\documents\c++ windows programming\draw\debug\vc120.idb
c:\users\stefan\documents\c++ windows programming\draw\debug\printdialog.obj
c:\users\stefan\documents\c++ windows programming\draw\debug\printpreviewdocument.obj
c:\users\stefan\documents\c++ windows programming\draw\debug\printsetupdialog.obj
c:\users\stefan\documents\c++ windows programming\draw\debug\printsetupinfo.obj
c:\users\stefan\documents\c++ windows programming\draw\debug\rect.obj
c:\users\stefan\documents\c++ windows programming\draw\debug\registry.obj
c:\users\stefan\documents\c++ windows programming\draw\debug\savedialog.obj
c:\users\stefan\documents\c++ windows programming\draw\debug\size.obj
c:\users\stefan\documents\c++ windows programming\draw\debug\smallwindows.obj
c:\users\stefan\documents\c++ windows programming\draw\debug\standarddocument.obj
c:\users\stefan\documents\c++ windows programming\draw\debug\template.obj
c:\users\stefan\documents\c++ windows programming\draw\debug\tree.obj
c:\users\stefan\documents\c++ windows programming\draw\debug\window.obj
c:\users\stefan\documents\c++ windows programming\draw\debug\arrow.obj
c:\users\stefan\documents\c++ windows programming\draw\debug\drawdocument.obj
c:\users\stefan\documents\c++ windows programming\draw\debug\ellipse.obj
c:\users\stefan\documents\c++ windows programming\draw\debug\figure.obj
c:\users\stefan\documents\c++ windows programming\draw\debug\line.obj
c:\users\stefan\documents\c++ windows programming\draw\debug\rectangle.obj
c:\users\stefan\documents\c++ windows programming\draw\debug\text.obj
c:\users\stefan\documents\c++ windows programming\draw\debug\combobox.obj
c:\users\stefan\documents\c++ windows programming\draw\debug\component.obj
c:\users\stefan\documents\c++ windows programming\draw\debug\groupbox.obj
c:\users\stefan\documents\c++ windows programming\draw\debug\label.obj
c:\users\stefan\documents\c++ windows programming\draw\debug\listbox.obj
c:\users\stefan\documents\c++ windows programming\draw\debug\multiplelistbox.obj
c:\users\stefan\documents\c++ windows programming\draw\debug\radiobox.obj
c:\users\stefan\documents\c++ windows programming\draw\debug\textfield.obj
c:\users\stefan\documents\c++ windows programming\draw\debug\converter.obj
c:\users\stefan\documents\c++ windows programming\draw\debug\cursor.obj
c:\users\stefan\documents\c++ windows programming\draw\debug\dialog.obj
c:\users\stefan\documents\c++ windows programming\draw\debug\document.obj
c:\users\stefan\documents\c++ windows programming\draw\debug\font.obj
c:\users\stefan\documents\c++ windows programming\draw\debug\fontdialog.obj
c:\users\stefan\documents\c++ windows programming\draw\debug\graphics.obj
c:\users\stefan\documents\c++ windows programming\draw\debug\keys.obj
c:\users\stefan\documents\c++ windows programming\draw\debug\matrix.obj
c:\users\stefan\documents\c++ windows programming\draw\debug\menu.obj
c:\users\stefan\documents\c++ windows programming\draw\debug\opendialog.obj
c:\users\stefan\documents\c++ windows programming\draw\debug\point.obj
c:\users\stefan\documents\c++ windows programming\draw\debug\accelerator.obj
c:\users\stefan\documents\c++ windows programming\draw\debug\application.obj
c:\users\stefan\documents\c++ windows programming\draw\debug\caret.obj
c:\users\stefan\documents\c++ windows programming\draw\debug\clipboard.obj
c:\users\stefan\documents\c++ windows programming\draw\debug\color.obj
c:\users\stefan\documents\c++ windows programming\draw\debug\colordialog.obj
c:\users\stefan\documents\c++ windows programming\draw\debug\box.obj
c:\users\stefan\documents\c++ windows programming\draw\debug\button.obj
c:\users\stefan\documents\c++ windows programming\draw\debug\checkbox.obj
c:\users\stefan\documents\c++ windows programming\debug\draw.ilk
c:\users\stefan\documents\c++ windows programming\debug\draw.exe
c:\users\stefan\documents\c++ windows programming\debug\draw.pdb
c:\users\stefan\documents\c++ windows programming\draw\debug\draw.res
c:\users\stefan\documents\c++ windows programming\draw\debug\draw.tlog\cl.command.1.tlog
c:\users\stefan\documents\c++ windows programming\draw\debug\draw.tlog\cl.read.1.tlog
c:\users\stefan\documents\c++ windows programming\draw\debug\draw.tlog\cl.write.1.tlog
c:\users\stefan\documents\c++ windows programming\draw\debug\draw.tlog\link.command.1.tlog
c:\users\stefan\documents\c++ windows programming\draw\debug\draw.tlog\link.read.1.tlog
c:\users\stefan\documents\c++ windows programming\draw\debug\draw.tlog\link.write.1.tlog
c:\users\stefan\documents\c++ windows programming\draw\debug\draw.tlog\rc.command.1.tlog
c:\users\stefan\documents\c++ windows programming\draw\debug\draw.tlog\rc.read.1.tlog
c:\users\stefan\documents\c++ windows programming\draw\debug\draw.tlog\rc.write.1.tlog
