c:\temp\code\chapter4\draw\debug\vc120.pdb
c:\temp\code\chapter4\draw\debug\vc120.idb
c:\temp\code\chapter4\draw\debug\printpreviewdocument.obj
c:\temp\code\chapter4\draw\debug\rational.obj
c:\temp\code\chapter4\draw\debug\rect.obj
c:\temp\code\chapter4\draw\debug\registry.obj
c:\temp\code\chapter4\draw\debug\size.obj
c:\temp\code\chapter4\draw\debug\smallwindows.obj
c:\temp\code\chapter4\draw\debug\standarddialog.obj
c:\temp\code\chapter4\draw\debug\standarddocument.obj
c:\temp\code\chapter4\draw\debug\string.obj
c:\temp\code\chapter4\draw\debug\template.obj
c:\temp\code\chapter4\draw\debug\tree.obj
c:\temp\code\chapter4\draw\debug\window.obj
c:\temp\code\chapter4\draw\debug\winmain.obj
c:\temp\code\chapter4\draw\debug\arrowfigure.obj
c:\temp\code\chapter4\draw\debug\drawdocument.obj
c:\temp\code\chapter4\draw\debug\ellipsefigure.obj
c:\temp\code\chapter4\draw\debug\drawfigure.obj
c:\temp\code\chapter4\draw\debug\linefigure.obj
c:\temp\code\chapter4\draw\debug\mainwindow.obj
c:\temp\code\chapter4\draw\debug\rectanglefigure.obj
c:\temp\code\chapter4\draw\debug\label.obj
c:\temp\code\chapter4\draw\debug\listbox.obj
c:\temp\code\chapter4\draw\debug\listcontrol.obj
c:\temp\code\chapter4\draw\debug\multiplelistbox.obj
c:\temp\code\chapter4\draw\debug\pushbutton.obj
c:\temp\code\chapter4\draw\debug\radiobutton.obj
c:\temp\code\chapter4\draw\debug\textfield.obj
c:\temp\code\chapter4\draw\debug\converter.obj
c:\temp\code\chapter4\draw\debug\cursor.obj
c:\temp\code\chapter4\draw\debug\dialog.obj
c:\temp\code\chapter4\draw\debug\document.obj
c:\temp\code\chapter4\draw\debug\dynamiclist.obj
c:\temp\code\chapter4\draw\debug\font.obj
c:\temp\code\chapter4\draw\debug\graphics.obj
c:\temp\code\chapter4\draw\debug\infolist.obj
c:\temp\code\chapter4\draw\debug\matrix.obj
c:\temp\code\chapter4\draw\debug\menu.obj
c:\temp\code\chapter4\draw\debug\pagesetupdialog.obj
c:\temp\code\chapter4\draw\debug\pagesetupinfo.obj
c:\temp\code\chapter4\draw\debug\point.obj
c:\temp\code\chapter4\draw\debug\accelerator.obj
c:\temp\code\chapter4\draw\debug\application.obj
c:\temp\code\chapter4\draw\debug\clipboard.obj
c:\temp\code\chapter4\draw\debug\color.obj
c:\temp\code\chapter4\draw\debug\command.obj
c:\temp\code\chapter4\draw\debug\complex.obj
c:\temp\code\chapter4\draw\debug\buttoncontrol.obj
c:\temp\code\chapter4\draw\debug\checkbox.obj
c:\temp\code\chapter4\draw\debug\combobox.obj
c:\temp\code\chapter4\draw\debug\control.obj
c:\temp\code\chapter4\draw\debug\groupbox.obj
c:\temp\code\chapter4\draw\debug\drawapplication.ilk
c:\temp\code\chapter4\draw\debug\drawapplication.exe
c:\temp\code\chapter4\draw\debug\drawapplication.pdb
c:\temp\code\chapter4\draw\debug\drawapplication.tlog\cl.command.1.tlog
c:\temp\code\chapter4\draw\debug\drawapplication.tlog\cl.read.1.tlog
c:\temp\code\chapter4\draw\debug\drawapplication.tlog\cl.write.1.tlog
c:\temp\code\chapter4\draw\debug\drawapplication.tlog\link.command.1.tlog
c:\temp\code\chapter4\draw\debug\drawapplication.tlog\link.read.1.tlog
c:\temp\code\chapter4\draw\debug\drawapplication.tlog\link.write.1.tlog
