c:\temp\code\chapter2\circle\debug\vc120.pdb
c:\temp\code\chapter2\circle\debug\vc120.idb
c:\temp\code\chapter2\circle\debug\infolist.obj
c:\temp\code\chapter2\circle\debug\menu.obj
c:\temp\code\chapter2\circle\debug\pagesetupdialog.obj
c:\temp\code\chapter2\circle\debug\pagesetupinfo.obj
c:\temp\code\chapter2\circle\debug\point.obj
c:\temp\code\chapter2\circle\debug\printpreviewdocument.obj
c:\temp\code\chapter2\circle\debug\rational.obj
c:\temp\code\chapter2\circle\debug\rect.obj
c:\temp\code\chapter2\circle\debug\registry.obj
c:\temp\code\chapter2\circle\debug\size.obj
c:\temp\code\chapter2\circle\debug\smallwindows.obj
c:\temp\code\chapter2\circle\debug\standarddialog.obj
c:\temp\code\chapter2\circle\debug\standarddocument.obj
c:\temp\code\chapter2\circle\debug\string.obj
c:\temp\code\chapter2\circle\debug\template.obj
c:\temp\code\chapter2\circle\debug\window.obj
c:\temp\code\chapter2\circle\debug\winmain.obj
c:\temp\code\chapter2\circle\debug\circledocument.obj
c:\temp\code\chapter2\circle\debug\circle.obj
c:\temp\code\chapter2\circle\debug\mainwindow.obj
c:\temp\code\chapter2\circle\debug\complex.obj
c:\temp\code\chapter2\circle\debug\buttoncontrol.obj
c:\temp\code\chapter2\circle\debug\checkbox.obj
c:\temp\code\chapter2\circle\debug\combobox.obj
c:\temp\code\chapter2\circle\debug\control.obj
c:\temp\code\chapter2\circle\debug\groupbox.obj
c:\temp\code\chapter2\circle\debug\label.obj
c:\temp\code\chapter2\circle\debug\listbox.obj
c:\temp\code\chapter2\circle\debug\listcontrol.obj
c:\temp\code\chapter2\circle\debug\multiplelistbox.obj
c:\temp\code\chapter2\circle\debug\pushbutton.obj
c:\temp\code\chapter2\circle\debug\radiobutton.obj
c:\temp\code\chapter2\circle\debug\textfield.obj
c:\temp\code\chapter2\circle\debug\converter.obj
c:\temp\code\chapter2\circle\debug\cursor.obj
c:\temp\code\chapter2\circle\debug\dialog.obj
c:\temp\code\chapter2\circle\debug\document.obj
c:\temp\code\chapter2\circle\debug\dynamiclist.obj
c:\temp\code\chapter2\circle\debug\font.obj
c:\temp\code\chapter2\circle\debug\graphics.obj
c:\temp\code\chapter2\circle\debug\accelerator.obj
c:\temp\code\chapter2\circle\debug\application.obj
c:\temp\code\chapter2\circle\debug\clipboard.obj
c:\temp\code\chapter2\circle\debug\color.obj
c:\temp\code\chapter2\circle\debug\command.obj
c:\temp\code\chapter2\circle\debug\circleapplication.ilk
c:\temp\code\chapter2\circle\debug\circleapplication.exe
c:\temp\code\chapter2\circle\debug\circleapplication.pdb
c:\temp\code\chapter2\circle\debug\circleap.f9113714.tlog\cl.command.1.tlog
c:\temp\code\chapter2\circle\debug\circleap.f9113714.tlog\cl.read.1.tlog
c:\temp\code\chapter2\circle\debug\circleap.f9113714.tlog\cl.write.1.tlog
c:\temp\code\chapter2\circle\debug\circleap.f9113714.tlog\link.command.1.tlog
c:\temp\code\chapter2\circle\debug\circleap.f9113714.tlog\link.read.1.tlog
c:\temp\code\chapter2\circle\debug\circleap.f9113714.tlog\link.write.1.tlog
